2025-05-07 14:21:18,494 [INFO] ✅ 加载分析结果成功: analysis_results.json
2025-05-07 14:21:19,767 [INFO] ✅ 图表已保存: output\basic_statistics.html
2025-05-07 14:21:19,768 [WARNING] ⚠️ 无 region_group 数据
2025-05-07 14:21:19,768 [WARNING] ⚠️ 无 room_group 数据
2025-05-07 14:35:42,759 [INFO] ✅ 加载分析结果成功: analysis_results.json
2025-05-07 14:35:43,027 [INFO] ✅ 图表已保存: output\basic_statistics.html
2025-05-07 14:35:43,028 [WARNING] ⚠️ 无 region_group 数据
2025-05-07 14:35:43,028 [WARNING] ⚠️ 无 room_group 数据
2025-05-07 14:35:43,075 [INFO] ✅ 图表已保存: output\region_distribution.html
2025-05-07 14:35:43,110 [INFO] ✅ 图表已保存: output\room_distribution.html
2025-05-07 14:35:43,178 [INFO] ✅ 图表已保存: output\price_vs_area.html
2025-05-07 14:35:43,228 [INFO] ✅ 图表已保存: output\price_distribution.html
2025-05-07 14:35:43,266 [INFO] ✅ 图表已保存: output\unit_price_distribution.html
2025-05-07 14:35:43,316 [INFO] ✅ 图表已保存: output\area_box_by_room.html
2025-05-07 14:39:20,704 [INFO] ✅ 加载分析结果成功: analysis_results.json
2025-05-07 14:39:20,973 [INFO] ✅ 图表已保存: output\basic_statistics.html
2025-05-07 14:39:20,974 [WARNING] ⚠️ 无 region_group 数据
2025-05-07 14:39:20,974 [WARNING] ⚠️ 无 room_group 数据
2025-05-07 14:39:21,014 [INFO] ✅ 图表已保存: output\region_distribution.html
2025-05-07 14:39:21,048 [INFO] ✅ 图表已保存: output\room_distribution.html
2025-05-07 14:39:21,108 [INFO] ✅ 图表已保存: output\price_vs_area.html
2025-05-07 14:39:21,151 [INFO] ✅ 图表已保存: output\price_distribution.html
2025-05-07 14:39:21,189 [INFO] ✅ 图表已保存: output\unit_price_distribution.html
2025-05-07 14:39:21,234 [INFO] ✅ 图表已保存: output\area_box_by_room.html
2025-05-07 14:39:53,642 [INFO] ✅ 加载分析结果成功: analysis_results.json
2025-05-07 14:39:53,897 [INFO] ✅ 图表已保存: output\basic_statistics.html
2025-05-07 14:39:53,933 [INFO] ✅ 图表已保存: output\region_group.html
2025-05-07 14:39:53,970 [INFO] ✅ 图表已保存: output\room_group.html
2025-05-07 14:39:54,011 [INFO] ✅ 图表已保存: output\region_distribution.html
2025-05-07 14:39:54,046 [INFO] ✅ 图表已保存: output\room_distribution.html
2025-05-07 14:39:54,108 [INFO] ✅ 图表已保存: output\price_vs_area.html
2025-05-07 14:39:54,151 [INFO] ✅ 图表已保存: output\price_distribution.html
2025-05-07 14:39:54,189 [INFO] ✅ 图表已保存: output\unit_price_distribution.html
2025-05-07 14:39:54,233 [INFO] ✅ 图表已保存: output\area_box_by_room.html
2025-05-07 14:42:31,824 [INFO] ✅ 加载分析结果成功: analysis_results.json
2025-05-07 14:42:32,080 [INFO] ✅ 图表已保存: output\basic_statistics.html
2025-05-07 14:42:32,117 [INFO] ✅ 图表已保存: output\region_group.html
2025-05-07 14:42:32,155 [INFO] ✅ 图表已保存: output\room_group.html
2025-05-07 14:42:32,195 [INFO] ✅ 图表已保存: output\region_distribution.html
2025-05-07 14:42:32,230 [INFO] ✅ 图表已保存: output\room_distribution.html
2025-05-07 14:42:32,294 [INFO] ✅ 图表已保存: output\price_vs_area.html
2025-05-07 14:42:32,337 [INFO] ✅ 图表已保存: output\price_distribution.html
2025-05-07 14:43:44,021 [INFO] ✅ 加载分析结果成功: analysis_results.json
2025-05-07 14:43:44,278 [INFO] ✅ 图表已保存: output\basic_statistics.html
2025-05-07 14:43:44,315 [INFO] ✅ 图表已保存: output\region_group.html
2025-05-07 14:43:44,352 [INFO] ✅ 图表已保存: output\room_group.html
2025-05-07 14:43:44,392 [INFO] ✅ 图表已保存: output\region_distribution.html
2025-05-07 14:43:44,427 [INFO] ✅ 图表已保存: output\room_distribution.html
2025-05-07 14:43:44,489 [INFO] ✅ 图表已保存: output\price_vs_area.html
2025-05-07 14:43:44,532 [INFO] ✅ 图表已保存: output\price_distribution.html
2025-05-07 14:44:31,193 [INFO] ✅ 加载分析结果成功: analysis_results.json
2025-05-07 14:44:31,451 [INFO] ✅ 图表已保存: output\basic_statistics.html
2025-05-07 14:44:31,488 [INFO] ✅ 图表已保存: output\region_group.html
2025-05-07 14:44:31,526 [INFO] ✅ 图表已保存: output\room_group.html
2025-05-07 14:44:31,566 [INFO] ✅ 图表已保存: output\region_distribution.html
2025-05-07 14:44:31,600 [INFO] ✅ 图表已保存: output\room_distribution.html
2025-05-07 14:44:31,658 [INFO] ✅ 图表已保存: output\price_vs_area.html
2025-05-07 14:44:31,702 [INFO] ✅ 图表已保存: output\price_distribution.html
2025-05-07 14:46:30,177 [INFO] ✅ 加载分析结果成功: analysis_results.json
2025-05-07 14:46:30,432 [INFO] ✅ 图表已保存: output\basic_statistics.html
2025-05-07 14:46:30,469 [INFO] ✅ 图表已保存: output\region_group.html
2025-05-07 14:46:30,506 [INFO] ✅ 图表已保存: output\room_group.html
2025-05-07 14:46:30,554 [INFO] ✅ 图表已保存: output\region_distribution.html
2025-05-07 14:46:30,589 [INFO] ✅ 图表已保存: output\room_distribution.html
2025-05-07 14:46:30,650 [INFO] ✅ 图表已保存: output\price_vs_area.html
2025-05-07 14:46:30,693 [INFO] ✅ 图表已保存: output\price_distribution.html
2025-05-07 14:48:11,879 [INFO] ✅ 加载分析结果成功: analysis_results.json
2025-05-07 14:48:12,138 [INFO] ✅ 图表已保存: output\basic_statistics.html
2025-05-07 14:48:12,175 [INFO] ✅ 图表已保存: output\region_group.html
2025-05-07 14:48:12,213 [INFO] ✅ 图表已保存: output\room_group.html
2025-05-07 14:48:12,252 [INFO] ✅ 图表已保存: output\region_distribution.html
2025-05-07 14:48:12,288 [INFO] ✅ 图表已保存: output\room_distribution.html
2025-05-07 14:48:12,347 [INFO] ✅ 图表已保存: output\price_vs_area.html
2025-05-07 14:48:12,390 [INFO] ✅ 图表已保存: output\price_distribution.html
2025-05-07 14:49:07,680 [INFO] ✅ 加载分析结果成功: analysis_results.json
2025-05-07 14:49:07,937 [INFO] ✅ 图表已保存: output\basic_statistics.html
2025-05-07 14:49:07,973 [INFO] ✅ 图表已保存: output\region_group.html
2025-05-07 14:49:08,010 [INFO] ✅ 图表已保存: output\room_group.html
2025-05-07 14:49:08,050 [INFO] ✅ 图表已保存: output\region_distribution.html
2025-05-07 14:49:08,085 [INFO] ✅ 图表已保存: output\room_distribution.html
2025-05-07 14:49:08,146 [INFO] ✅ 图表已保存: output\price_vs_area.html
2025-05-07 14:49:08,190 [INFO] ✅ 图表已保存: output\price_distribution.html
2025-05-07 14:49:08,191 [WARNING] ⚠️ UnitPrice 列不存在，跳过单位租金图表
2025-05-07 14:49:08,236 [INFO] ✅ 图表已保存: output\area_box_by_room.html
2025-05-07 14:52:53,517 [INFO] ✅ 加载分析结果成功: analysis_results.json
2025-05-07 14:52:53,770 [INFO] ✅ 图表已保存: output\basic_statistics.html
2025-05-07 14:52:53,807 [INFO] ✅ 图表已保存: output\region_group.html
2025-05-07 14:52:53,843 [INFO] ✅ 图表已保存: output\room_group.html
2025-05-07 14:52:53,883 [INFO] ✅ 图表已保存: output\region_distribution.html
2025-05-07 14:52:53,917 [INFO] ✅ 图表已保存: output\room_distribution.html
2025-05-07 14:52:53,978 [INFO] ✅ 图表已保存: output\price_vs_area.html
2025-05-07 14:52:54,021 [INFO] ✅ 图表已保存: output\price_distribution.html
2025-05-07 14:52:54,022 [WARNING] ⚠️ UnitPrice 列不存在，跳过单位租金图表
2025-05-07 14:52:54,067 [INFO] ✅ 图表已保存: output\area_box_by_room.html
2025-05-07 14:54:45,865 [INFO] ✅ 加载分析结果成功: analysis_results.json
2025-05-07 14:54:46,132 [INFO] ✅ 图表已保存: output\basic_statistics.html
2025-05-07 14:54:46,171 [INFO] ✅ 图表已保存: output\region_group.html
2025-05-07 14:54:46,208 [INFO] ✅ 图表已保存: output\room_group.html
2025-05-07 14:54:46,248 [INFO] ✅ 图表已保存: output\region_distribution.html
2025-05-07 14:54:46,282 [INFO] ✅ 图表已保存: output\room_distribution.html
2025-05-07 14:54:46,343 [INFO] ✅ 图表已保存: output\price_vs_area.html
2025-05-07 14:54:46,388 [INFO] ✅ 图表已保存: output\price_distribution.html
2025-05-07 14:54:46,448 [INFO] ✅ 图表已保存: output\unit_price_distribution.html
2025-05-07 14:54:46,492 [INFO] ✅ 图表已保存: output\area_box_by_room.html
2025-05-07 14:56:25,214 [INFO] ✅ 加载分析结果成功: analysis_results.json
2025-05-07 14:56:25,469 [INFO] ✅ 图表已保存: output\basic_statistics.html
2025-05-07 14:56:25,506 [INFO] ✅ 图表已保存: output\region_group.html
2025-05-07 14:56:25,543 [INFO] ✅ 图表已保存: output\room_group.html
2025-05-07 14:56:25,582 [INFO] ✅ 图表已保存: output\region_distribution.html
2025-05-07 14:56:25,617 [INFO] ✅ 图表已保存: output\room_distribution.html
2025-05-07 14:56:25,678 [INFO] ✅ 图表已保存: output\price_vs_area.html
2025-05-07 14:56:25,728 [INFO] ✅ 图表已保存: output\price_distribution.html
2025-05-07 14:56:25,772 [INFO] ✅ 图表已保存: output\unit_price_distribution.html
2025-05-07 14:56:25,815 [INFO] ✅ 图表已保存: output\area_box_by_room.html
2025-05-07 14:57:37,883 [INFO] ✅ 加载分析结果成功: analysis_results.json
2025-05-07 14:57:38,139 [INFO] ✅ 图表已保存: output\basic_statistics.html
2025-05-07 14:57:38,177 [INFO] ✅ 图表已保存: output\region_group.html
2025-05-07 14:57:38,214 [INFO] ✅ 图表已保存: output\room_group.html
2025-05-07 14:57:38,254 [INFO] ✅ 图表已保存: output\region_distribution.html
2025-05-07 14:57:38,288 [INFO] ✅ 图表已保存: output\room_distribution.html
2025-05-07 14:57:38,347 [INFO] ✅ 图表已保存: output\price_vs_area.html
2025-05-07 14:57:38,397 [INFO] ✅ 图表已保存: output\price_distribution.html
2025-05-07 14:57:38,438 [INFO] ✅ 图表已保存: output\unit_price_distribution.html
2025-05-07 14:57:38,485 [INFO] ✅ 图表已保存: output\area_box_by_room.html
2025-05-07 15:00:05,192 [INFO] ✅ 加载分析结果成功: analysis_results.json
2025-05-07 15:00:05,450 [INFO] ✅ 图表已保存: output\basic_statistics.html
2025-05-07 15:00:05,488 [INFO] ✅ 图表已保存: output\region_group.html
2025-05-07 15:00:05,525 [INFO] ✅ 图表已保存: output\room_group.html
2025-05-07 15:00:05,564 [INFO] ✅ 图表已保存: output\region_distribution.html
2025-05-07 15:00:05,598 [INFO] ✅ 图表已保存: output\room_distribution.html
2025-05-07 15:00:05,659 [INFO] ✅ 图表已保存: output\price_vs_area.html
2025-05-07 15:00:05,707 [INFO] ✅ 图表已保存: output\price_distribution.html
